<?xml version="1.0" encoding="UTF-8"?>
<testsuite name="Hyunjun.hellospring.HelloSpringApplicationTests" tests="1" skipped="0" failures="0" errors="0" timestamp="2024-04-06T12:25:23" hostname="LAPTOP-HC3BN4U0" time="1.35">
  <properties/>
  <testcase name="contextLoads()" classname="Hyunjun.hellospring.HelloSpringApplicationTests" time="1.35"/>
  <system-out><![CDATA[21:25:19.659 [Test worker] INFO org.springframework.test.context.support.AnnotationConfigContextLoaderUtils -- Could not detect default configuration classes for test class [Hyunjun.hellospring.HelloSpringApplicationTests]: HelloSpringApplicationTests does not declare any static, non-private, non-final, nested classes annotated with @Configuration.
21:25:19.833 [Test worker] INFO org.springframework.boot.test.context.SpringBootTestContextBootstrapper -- Found @SpringBootConfiguration Hyunjun.hellospring.HelloSpringApplication for test class Hyunjun.hellospring.HelloSpringApplicationTests

  .   ____          _            __ _ _
 /\\ / ___'_ __ _ _(_)_ __  __ _ \ \ \ \
( ( )\___ | '_ | '_| | '_ \/ _` | \ \ \ \
 \\/  ___)| |_)| | | | | || (_| |  ) ) ) )
  '  |____| .__|_| |_|_| |_\__, | / / / /
 =========|_|==============|___/=/_/_/_/
 :: Spring Boot ::                (v3.2.4)

2024-04-06T21:25:20.787+09:00  INFO 1436 --- [hello-spring] [    Test worker] H.h.HelloSpringApplicationTests          : Starting HelloSpringApplicationTests using Java 22 with PID 1436 (started by 82105 in C:\Users\82105\Desktop\Hello-Spring-\hello-spring)
2024-04-06T21:25:20.790+09:00  INFO 1436 --- [hello-spring] [    Test worker] H.h.HelloSpringApplicationTests          : No active profile set, falling back to 1 default profile: "default"
2024-04-06T21:25:22.677+09:00  INFO 1436 --- [hello-spring] [    Test worker] o.s.b.a.w.s.WelcomePageHandlerMapping    : Adding welcome page: class path resource [static/index.html]
2024-04-06T21:25:23.318+09:00  INFO 1436 --- [hello-spring] [    Test worker] H.h.HelloSpringApplicationTests          : Started HelloSpringApplicationTests in 3.164 seconds (process running for 5.376)
]]></system-out>
  <system-err><![CDATA[WARNING: A Java agent has been loaded dynamically (C:\Users\82105\.gradle\caches\modules-2\files-2.1\net.bytebuddy\byte-buddy-agent\1.14.12\be4984cb6fd1ef1d11f218a648889dfda44b8a15\byte-buddy-agent-1.14.12.jar)
WARNING: If a serviceability tool is in use, please run with -XX:+EnableDynamicAgentLoading to hide this warning
WARNING: If a serviceability tool is not in use, please run with -Djdk.instrument.traceUsage for more information
WARNING: Dynamic loading of agents will be disallowed by default in a future release
]]></system-err>
</testsuite>
